\BOOKMARK [0][-]{chapter*.4}{List of Figures}{}% 1
\BOOKMARK [0][-]{chapter*.5}{List of Tables}{}% 2
\BOOKMARK [0][-]{chapter*.6}{Preface}{}% 3
\BOOKMARK [0][-]{chapter*.7}{Acknowledgments}{}% 4
\BOOKMARK [0][-]{chapter*.8}{Acronyms}{}% 5
\BOOKMARK [0][-]{chapter*.9}{Glossary}{}% 6
\BOOKMARK [0][-]{chapter*.10}{List of Symbols}{}% 7
\BOOKMARK [0][-]{chapter*.11}{Introduction}{}% 8
\BOOKMARK [0][-]{chapter*.11}{Sinayra Pascoal Cotts Moreira.}{}% 9
\BOOKMARK [0][-]{section*.12}{References}{}% 10
\BOOKMARK [-1][-]{part.1}{I Algoritmos sequenciais, condicionais e com repetições}{}% 11
\BOOKMARK [0][-]{chapter.1}{Algoritmos sequenciais}{part.1}% 12
\BOOKMARK [1][-]{section.1.1}{Resumo}{chapter.1}% 13
\BOOKMARK [1][-]{section.1.2}{Plano Cartesiano}{chapter.1}% 14
\BOOKMARK [1][-]{section.1.3}{Boneco Palito}{chapter.1}% 15
\BOOKMARK [1][-]{section.1.4}{Estrela de Davi}{chapter.1}% 16
\BOOKMARK [0][-]{chapter.2}{Algoritmos condicionais}{part.1}% 17
\BOOKMARK [1][-]{section.2.1}{Resumo}{chapter.2}% 18
\BOOKMARK [1][-]{section.2.2}{Quadrante de uma reta}{chapter.2}% 19
\BOOKMARK [0][-]{chapter.3}{Algoritmos com repetição}{part.1}% 20
\BOOKMARK [1][-]{section.3.1}{Resumo}{chapter.3}% 21
\BOOKMARK [1][-]{section.3.2}{Galáxia espiral}{chapter.3}% 22
\BOOKMARK [1][-]{section.3.3}{Carro andando}{chapter.3}% 23
\BOOKMARK [1][-]{section.3.4}{Moinho de vento}{chapter.3}% 24
\BOOKMARK [-1][-]{part.2}{II Estrutura de dados n-dimensionais homogêneas}{}% 25
\BOOKMARK [0][-]{chapter.4}{Vetores}{part.2}% 26
\BOOKMARK [1][-]{section.4.1}{Resumo}{chapter.4}% 27
\BOOKMARK [1][-]{section.4.2}{Criando um gráfico}{chapter.4}% 28
\BOOKMARK [0][-]{chapter.5}{Matrizes}{part.2}% 29
\BOOKMARK [1][-]{section.5.1}{Resumo}{chapter.5}% 30
\BOOKMARK [1][-]{section.5.2}{Criando um gráfico}{chapter.5}% 31
